<?xml version="1.0" encoding="UTF-8"?>
<!-- Generated by org.testng.reporters.JUnitReportReporter -->
<testsuite hostname="DESKTOP-P4A326G" name="practice.GetSize" tests="1" failures="0" timestamp="2 Feb 2024 05:53:47 GMT" time="0.232" errors="0">
  <testcase name="getSize" time="0.232" classname="practice.GetSize"/>
</testsuite> <!-- practice.GetSize -->
