<?xml version="1.0" encoding="UTF-8"?>
<!-- Generated by org.testng.reporters.JUnitReportReporter -->
<testsuite hostname="LAPTOP-SCHMC8F3" name="testngpractice.PrintTitleUrl" tests="2" failures="0" timestamp="31 Jan 2024 05:59:12 GMT" time="0.071" errors="0">
  <testcase name="printTitle" time="0.028" classname="testngpractice.PrintTitleUrl"/>
  <testcase name="printUrl" time="0.043" classname="testngpractice.PrintTitleUrl"/>
</testsuite> <!-- testngpractice.PrintTitleUrl -->
