<?xml version="1.0" encoding="UTF-8"?>
<!-- Generated by org.testng.reporters.JUnitReportReporter -->
<testsuite hostname="LAPTOP-SCHMC8F3" name="testngpractice.LoginId" tests="1" failures="0" timestamp="29 Jan 2024 06:53:24 GMT" time="0.903" errors="0">
  <testcase name="login" time="0.903" classname="testngpractice.LoginId"/>
</testsuite> <!-- testngpractice.LoginId -->
