<?xml version="1.0" encoding="UTF-8"?>
<!-- Generated by org.testng.reporters.JUnitReportReporter -->
<testsuite hostname="LAPTOP-SCHMC8F3" name="newpkg.Login" tests="1" failures="0" timestamp="29 Jan 2024 06:53:24 GMT" time="1.471" errors="0">
  <testcase name="newLogin" time="1.471" classname="newpkg.Login"/>
</testsuite> <!-- newpkg.Login -->
