<?xml version="1.0" encoding="UTF-8"?>
<!-- Generated by org.testng.reporters.JUnitReportReporter -->
<testsuite hostname="LAPTOP-SCHMC8F3" name="testngpractice.LoginWithXpath" tests="1" failures="0" timestamp="24 Jan 2024 13:52:07 GMT" time="1.317" errors="0">
  <testcase name="loginwithxpath" time="1.317" classname="testngpractice.LoginWithXpath"/>
</testsuite> <!-- testngpractice.LoginWithXpath -->
