<?xml version="1.0" encoding="UTF-8"?>
<!-- Generated by org.testng.reporters.JUnitReportReporter -->
<testsuite hostname="DESKTOP-P4A326G" name="practice.GetSize" tests="1" failures="0" timestamp="1 Feb 2024 12:18:09 GMT" time="0.412" errors="0">
  <testcase name="getSize" time="0.412" classname="practice.GetSize"/>
</testsuite> <!-- practice.GetSize -->
