<?xml version="1.0" encoding="UTF-8"?>
<!-- Generated by org.testng.reporters.JUnitReportReporter -->
<testsuite skipped="0" hostname="DESKTOP-P4A326G" name="practice.GetSize" tests="1" failures="0" timestamp="2024-02-02T10:08:40 IST" time="0.061" errors="0">
  <testcase name="getSize" time="0.061" classname="practice.GetSize"/>
  <system-out/>
</testsuite> <!-- practice.GetSize -->
